90399,do_sequence,start,2023-11-11 18:23:08.038554
35557,do_multiply,start,2023-11-11 18:23:08.038554
71341,do_multiply,stop,2023-11-11 18:23:08.038554
52690,do_division,start,2023-11-11 18:23:08.038554
36435,do_division,stop,2023-11-11 18:23:08.038554
33522,do_power,start,2023-11-11 18:23:08.038554
60179,do_power,stop,2023-11-11 18:23:08.038554
16541,do_print,start,2023-11-11 18:23:08.038554
17401,do_print,stop,2023-11-11 18:23:08.038554
29450,do_print,start,2023-11-11 18:23:08.038554
13148,do_multiply,start,2023-11-11 18:23:08.038554
44995,do_multiply,stop,2023-11-11 18:23:08.038554
36244,do_print,stop,2023-11-11 18:23:08.038554
62573,do_while,start,2023-11-11 18:23:08.038554
32891,do_sequence,start,2023-11-11 18:23:08.054200
50407,do_print,start,2023-11-11 18:23:08.054200
64331,do_print,stop,2023-11-11 18:23:08.054200
68496,do_print,start,2023-11-11 18:23:08.054200
19316,do_print,stop,2023-11-11 18:23:08.054200
86590,do_add,start,2023-11-11 18:23:08.054200
37984,do_add,stop,2023-11-11 18:23:08.054200
95120,do_sequence,stop,2023-11-11 18:23:08.054200
75706,do_sequence,start,2023-11-11 18:23:08.054200
52946,do_print,start,2023-11-11 18:23:08.054200
13238,do_print,stop,2023-11-11 18:23:08.054200
10911,do_print,start,2023-11-11 18:23:08.054200
63269,do_print,stop,2023-11-11 18:23:08.054200
88930,do_add,start,2023-11-11 18:23:08.054200
53953,do_add,stop,2023-11-11 18:23:08.054200
68118,do_sequence,stop,2023-11-11 18:23:08.054200
25276,do_sequence,start,2023-11-11 18:23:08.054200
54662,do_print,start,2023-11-11 18:23:08.054200
41169,do_print,stop,2023-11-11 18:23:08.054200
62359,do_print,start,2023-11-11 18:23:08.054200
10366,do_print,stop,2023-11-11 18:23:08.054200
68006,do_add,start,2023-11-11 18:23:08.054200
71603,do_add,stop,2023-11-11 18:23:08.054200
90711,do_sequence,stop,2023-11-11 18:23:08.054200
28047,do_sequence,start,2023-11-11 18:23:08.054200
44865,do_print,start,2023-11-11 18:23:08.054200
77556,do_print,stop,2023-11-11 18:23:08.054200
69024,do_print,start,2023-11-11 18:23:08.054200
14607,do_print,stop,2023-11-11 18:23:08.069826
56788,do_add,start,2023-11-11 18:23:08.069826
82179,do_add,stop,2023-11-11 18:23:08.069826
27605,do_sequence,stop,2023-11-11 18:23:08.069826
45390,do_sequence,start,2023-11-11 18:23:08.069826
86955,do_print,start,2023-11-11 18:23:08.069826
13025,do_print,stop,2023-11-11 18:23:08.069826
74343,do_print,start,2023-11-11 18:23:08.069826
83403,do_print,stop,2023-11-11 18:23:08.069826
86843,do_add,start,2023-11-11 18:23:08.069826
86870,do_add,stop,2023-11-11 18:23:08.069826
68466,do_sequence,stop,2023-11-11 18:23:08.069826
45182,do_while,stop,2023-11-11 18:23:08.069826
93765,do_array,start,2023-11-11 18:23:08.069826
98563,array_new,start,2023-11-11 18:23:08.069826
96494,array_new,stop,2023-11-11 18:23:08.069826
89056,do_array,stop,2023-11-11 18:23:08.069826
40128,do_array,start,2023-11-11 18:23:08.069826
22493,array_set,start,2023-11-11 18:23:08.069826
28072,array_set,stop,2023-11-11 18:23:08.069826
85134,do_array,stop,2023-11-11 18:23:08.069826
39652,do_array,start,2023-11-11 18:23:08.069826
50266,array_set,start,2023-11-11 18:23:08.069826
49912,array_set,stop,2023-11-11 18:23:08.069826
60525,do_array,stop,2023-11-11 18:23:08.069826
20936,do_print,start,2023-11-11 18:23:08.069826
56277,do_array,start,2023-11-11 18:23:08.069826
65184,array_get,start,2023-11-11 18:23:08.069826
11226,array_get,stop,2023-11-11 18:23:08.069826
12774,do_array,stop,2023-11-11 18:23:08.069826
16130,do_print,stop,2023-11-11 18:23:08.069826
26799,do_dict,start,2023-11-11 18:23:08.069826
24077,dict_new,start,2023-11-11 18:23:08.085453
33544,dict_new,stop,2023-11-11 18:23:08.085453
28492,do_dict,stop,2023-11-11 18:23:08.085453
85419,do_dict,start,2023-11-11 18:23:08.085453
54400,dict_set_value,start,2023-11-11 18:23:08.085453
43363,dict_set_value,stop,2023-11-11 18:23:08.085453
65579,do_dict,stop,2023-11-11 18:23:08.085453
17489,do_dict,start,2023-11-11 18:23:08.085453
12309,dict_set_value,start,2023-11-11 18:23:08.085453
79901,dict_set_value,stop,2023-11-11 18:23:08.085453
13716,do_dict,stop,2023-11-11 18:23:08.085453
91765,do_dict,start,2023-11-11 18:23:08.085453
55801,dict_set_value,start,2023-11-11 18:23:08.085453
14643,dict_set_value,stop,2023-11-11 18:23:08.085453
62873,do_dict,stop,2023-11-11 18:23:08.085453
93973,do_print,start,2023-11-11 18:23:08.085453
29876,do_dict,start,2023-11-11 18:23:08.085453
79231,dict_get_value,start,2023-11-11 18:23:08.085453
48412,dict_get_value,stop,2023-11-11 18:23:08.085453
77296,do_dict,stop,2023-11-11 18:23:08.085453
23988,do_print,stop,2023-11-11 18:23:08.085453
77641,do_dict,start,2023-11-11 18:23:08.085453
54749,dict_new,start,2023-11-11 18:23:08.085453
16312,dict_new,stop,2023-11-11 18:23:08.085453
48650,do_dict,stop,2023-11-11 18:23:08.085453
63339,do_dict,start,2023-11-11 18:23:08.085453
81828,dict_set_value,start,2023-11-11 18:23:08.085453
73638,dict_set_value,stop,2023-11-11 18:23:08.085453
25406,do_dict,stop,2023-11-11 18:23:08.085453
72676,do_dict,start,2023-11-11 18:23:08.085453
38633,dict_set_value,start,2023-11-11 18:23:08.085453
86893,dict_set_value,stop,2023-11-11 18:23:08.085453
47454,do_dict,stop,2023-11-11 18:23:08.101068
17850,do_print,start,2023-11-11 18:23:08.101068
84122,do_dict,start,2023-11-11 18:23:08.101068
95289,dict_get_value,start,2023-11-11 18:23:08.101068
44224,dict_get_value,stop,2023-11-11 18:23:08.101068
35692,do_dict,stop,2023-11-11 18:23:08.101068
18074,do_dict,start,2023-11-11 18:23:08.101068
80705,dict_get_value,start,2023-11-11 18:23:08.101068
28302,dict_get_value,stop,2023-11-11 18:23:08.101068
21160,do_dict,stop,2023-11-11 18:23:08.101068
67516,do_print,stop,2023-11-11 18:23:08.107986
41569,do_dict,start,2023-11-11 18:23:08.107986
26202,dict_merge,start,2023-11-11 18:23:08.107986
82282,dict_merge,stop,2023-11-11 18:23:08.107986
54025,do_dict,stop,2023-11-11 18:23:08.107986
80546,do_print,start,2023-11-11 18:23:08.107986
69259,do_print,stop,2023-11-11 18:23:08.107986
19814,do_print,start,2023-11-11 18:23:08.107986
42320,do_dict,start,2023-11-11 18:23:08.114500
79632,dict_get_value,start,2023-11-11 18:23:08.114500
20573,dict_get_value,stop,2023-11-11 18:23:08.114500
56322,do_dict,stop,2023-11-11 18:23:08.114500
40548,do_print,stop,2023-11-11 18:23:08.114500
94841,do_print,start,2023-11-11 18:23:08.114500
11341,do_dict,start,2023-11-11 18:23:08.114500
31903,dict_get_value,start,2023-11-11 18:23:08.114500
36762,dict_get_value,stop,2023-11-11 18:23:08.114500
64449,do_dict,stop,2023-11-11 18:23:08.114500
43999,do_print,stop,2023-11-11 18:23:08.114500
37009,do_print,start,2023-11-11 18:23:08.114500
82118,do_dict,start,2023-11-11 18:23:08.114500
57198,dict_get_value,start,2023-11-11 18:23:08.114500
53606,dict_get_value,stop,2023-11-11 18:23:08.114500
59018,do_dict,stop,2023-11-11 18:23:08.114500
19860,do_print,stop,2023-11-11 18:23:08.114500
19362,do_print,start,2023-11-11 18:23:08.114500
56003,do_dict,start,2023-11-11 18:23:08.114500
28019,dict_get_value,start,2023-11-11 18:23:08.114500
34693,dict_get_value,stop,2023-11-11 18:23:08.114500
16660,do_dict,stop,2023-11-11 18:23:08.114500
17522,do_print,stop,2023-11-11 18:23:08.114500
29109,do_sequence,stop,2023-11-11 18:23:08.114500
